[20:38:47] [main/INFO] (FabricLoader) Loading for game Minecraft 1.17.1
[20:38:48] [main/INFO] (Fabric|Loader) [FabricLoader] Loading 49 mods:
	- fabric@0.39.2+1.17
	- fabric-api-base@0.3.0+a02b446318
	- fabric-api-lookup-api-v1@1.3.0+2f75c6ce18
	- fabric-biome-api-v1@3.2.0+b06cb95b18
	- fabric-blockrenderlayer-v1@1.1.5+a02b446318
	- fabric-command-api-v1@1.1.3+5ab9934c18
	- fabric-commands-v0@0.2.2+92519afa18
	- fabric-containers-v0@0.1.12+a02b446318
	- fabric-content-registries-v0@0.3.0+211ddf9518
	- fabric-crash-report-info-v1@0.1.5+be9da31018
	- fabric-dimensions-v1@2.0.11+6cefd57718
	- fabric-entity-events-v1@1.2.2+62e33f4118
	- fabric-events-interaction-v0@0.4.9+a722d8c018
	- fabric-events-lifecycle-v0@0.2.1+92519afa18
	- fabric-game-rule-api-v1@1.0.7+6cefd57718
	- fabric-item-api-v1@1.2.4+a02b446318
	- fabric-item-groups-v0@0.2.10+b7ab612118
	- fabric-key-binding-api-v1@1.0.4+a02b446318
	- fabric-keybindings-v0@0.2.2+36b77c3e18
	- fabric-lifecycle-events-v1@1.4.4+a02b446318
	- fabric-loot-tables-v1@1.0.4+a02b446318
	- fabric-mining-levels-v0@0.1.3+92519afa18
	- fabric-models-v0@0.3.0+a02b446318
	- fabric-networking-api-v1@1.0.13+2e8bd82f18
	- fabric-networking-blockentity-v0@0.2.11+a02b446318
	- fabric-networking-v0@0.3.2+92519afa18
	- fabric-object-builder-api-v1@1.10.9+b7ab612118
	- fabric-object-builders-v0@0.7.3+a02b446318
	- fabric-particles-v1@0.2.4+a02b446318
	- fabric-registry-sync-v0@0.7.10+e2961fee18
	- fabric-renderer-api-v1@0.4.4+5f02c96918
	- fabric-renderer-indigo@0.4.8+a02b446318
	- fabric-renderer-registries-v1@3.2.1+b06cb95b18
	- fabric-rendering-data-attachment-v1@0.1.5+a02b446318
	- fabric-rendering-fluids-v1@0.1.13+a02b446318
	- fabric-rendering-v0@1.1.2+92519afa18
	- fabric-rendering-v1@1.8.0+b06cb95b18
	- fabric-resource-loader-v0@0.4.8+a00e834b18
	- fabric-screen-api-v1@1.0.4+155f865c18
	- fabric-screen-handler-api-v1@1.1.8+a02b446318
	- fabric-structure-api-v1@1.1.13+5ab9934c18
	- fabric-tag-extensions-v0@1.2.1+b06cb95b18
	- fabric-textures-v0@1.0.6+a02b446318
	- fabric-tool-attribute-api-v1@1.2.12+b7ab612118
	- fabric-transfer-api-v1@1.1.2+96bf6a7e18
	- fabricloader@0.11.6
	- ifmod@${version}
	- java@16
	- minecraft@1.17.1
[20:38:48] [main/WARN] (Fabric|Loader) Mod `ifmod` (${version}) does not respect SemVer - comparison support is limited.
[20:38:48] [main/INFO] (mixin) SpongePowered MIXIN Subsystem Version=0.8.2 Source=file:/Users/abeygotay/.gradle/caches/modules-2/files-2.1/net.fabricmc/sponge-mixin/0.9.4+mixin.0.8.2/ef410951e94c7f4939cc74c86f8df371827818a4/sponge-mixin-0.9.4+mixin.0.8.2.jar Service=Knot/Fabric Env=CLIENT
[20:38:48] [main/INFO] (Fabric|MixinBootstrap) Loaded Fabric development mappings for mixin remapper!
[20:38:48] [main/INFO] (mixin) Compatibility level set to JAVA_16
[20:38:49] [main/WARN] (mixin) @Mixin target net/minecraft/server/world/ServerWorld$ServerEntityHandler is public in fabric-lifecycle-events-v1.mixins.json:ServerWorldEntityLoaderMixin and should be specified in value
[20:38:49] [main/WARN] (mixin) @Mixin target net/minecraft/client/world/ClientWorld$ClientEntityHandler is public in fabric-lifecycle-events-v1.mixins.json:client.ClientWorldEntityLoaderMixin and should be specified in value
[20:38:49] [main/WARN] (mixin) @Mixin target net/minecraft/client/render/block/BlockModelRenderer$AmbientOcclusionCalculator is public in fabric-renderer-indigo.mixins.json:MixinAmbientOcclusionCalculator and should be specified in value
[20:38:49] [main/WARN] (mixin) @Mixin target net/minecraft/client/render/chunk/ChunkBuilder$BuiltChunk$RebuildTask is public in fabric-renderer-indigo.mixins.json:MixinChunkRebuildTask and should be specified in value
[20:38:49] [main/WARN] (mixin) @Mixin target net/minecraft/server/network/ServerPlayNetworkHandler$1 is public in fabric-events-interaction-v0.mixins.json:MixinServerPlayNetworkHandler and should be specified in value
[20:38:49] [main/WARN] (mixin) @Mixin target net/minecraft/village/TradeOffers$TypeAwareBuyForOneEmeraldFactory is public in fabric-object-builder-v1.mixins.json:TypeAwareTradeMixin and should be specified in value
[20:38:49] [main/WARN] (mixin) @Mixin target net/minecraft/client/font/FontManager$1 is public in fabric-resource-loader-v0.mixins.json:client.FontManagerResourceReloadListenerMixin and should be specified in value
[20:38:49] [main/WARN] (mixin) @Mixin target net/minecraft/server/command/GameRuleCommand$1 is public in fabric-game-rule-api-v1.mixins.json:GameRuleCommandVisitorMixin and should be specified in value
[20:38:49] [main/WARN] (mixin) @Mixin target net/minecraft/client/gui/screen/world/EditGameRulesScreen$RuleListWidget$1 is public in fabric-game-rule-api-v1.mixins.json:client.RuleListWidgetVisitorMixin and should be specified in value
[20:38:49] [main/WARN] (mixin) @Mixin target net/minecraft/server/world/ThreadedAnvilChunkStorage$EntityTracker is public in fabric-networking-api-v1.mixins.json:accessor.EntityTrackerAccessor and should be specified in value
[20:38:49] [main/WARN] (mixin) @Mixin target net/minecraft/client/particle/ParticleManager$SimpleSpriteProvider is public in fabric-particles-v1.mixins.json:ParticleManagerAccessor$SimpleSpriteProviderAccessor and should be specified in value
[20:38:49] [main/WARN] (mixin) @Mixin target net/minecraft/data/server/AbstractTagProvider$ObjectBuilder is public in fabric-tag-extensions-v0.mixins.json:MixinObjectBuilder and should be specified in value
[20:38:49] [main/WARN] (mixin) @Mixin target net/minecraft/tag/RequiredTagList$TagWrapper is public in fabric-tag-extensions-v0.mixins.json:MixinTagImpl and should be specified in value
[20:38:51] [main/WARN] (FileUtil) Configuration conflict: there is more than one oshi.properties file on the classpath
[20:38:51] [main/WARN] (FileUtil) Configuration conflict: there is more than one oshi.architecture.properties file on the classpath
[20:39:04] [Render thread/INFO] (Minecraft) Environment: authHost='https://authserver.mojang.com', accountsHost='https://api.mojang.com', sessionHost='https://sessionserver.mojang.com', servicesHost='https://api.minecraftservices.com', name='PROD'
[20:39:06] [Render thread/ERROR] (Minecraft) Failed to verify authentication
com.mojang.authlib.exceptions.InvalidCredentialsException: Status: 401
	at com.mojang.authlib.exceptions.MinecraftClientHttpException.toAuthenticationException(MinecraftClientHttpException.java:56) ~[authlib-2.3.31.jar:?]
	at com.mojang.authlib.yggdrasil.YggdrasilSocialInteractionsService.checkPrivileges(YggdrasilSocialInteractionsService.java:112) ~[authlib-2.3.31.jar:?]
	at com.mojang.authlib.yggdrasil.YggdrasilSocialInteractionsService.<init>(YggdrasilSocialInteractionsService.java:42) ~[authlib-2.3.31.jar:?]
	at com.mojang.authlib.yggdrasil.YggdrasilAuthenticationService.createSocialInteractionsService(YggdrasilAuthenticationService.java:151) ~[authlib-2.3.31.jar:?]
	at net.minecraft.client.MinecraftClient.createSocialInteractionsService(MinecraftClient.java:683) [minecraft-1.17.1-mapped-net.fabricmc.yarn-1.17.1+build.39-v2.jar:?]
	at net.minecraft.client.MinecraftClient.<init>(MinecraftClient.java:496) [minecraft-1.17.1-mapped-net.fabricmc.yarn-1.17.1+build.39-v2.jar:?]
	at net.minecraft.client.main.Main.main(Main.java:153) [minecraft-1.17.1-mapped-net.fabricmc.yarn-1.17.1+build.39-v2.jar:?]
	at jdk.internal.reflect.NativeMethodAccessorImpl.invoke0(Native Method) ~[?:?]
	at jdk.internal.reflect.NativeMethodAccessorImpl.invoke(NativeMethodAccessorImpl.java:78) ~[?:?]
	at jdk.internal.reflect.DelegatingMethodAccessorImpl.invoke(DelegatingMethodAccessorImpl.java:43) ~[?:?]
	at java.lang.reflect.Method.invoke(Method.java:567) ~[?:?]
	at net.fabricmc.loader.game.MinecraftGameProvider.launch(MinecraftGameProvider.java:234) [fabric-loader-0.11.6.jar:?]
	at net.fabricmc.loader.launch.knot.Knot.launch(Knot.java:153) [fabric-loader-0.11.6.jar:?]
	at net.fabricmc.loader.launch.knot.KnotClient.main(KnotClient.java:28) [fabric-loader-0.11.6.jar:?]
	at net.fabricmc.devlaunchinjector.Main.main(Main.java:86) [dev-launch-injector-0.2.1+build.8.jar:?]
Caused by: com.mojang.authlib.exceptions.MinecraftClientHttpException: Status: 401
	at com.mojang.authlib.minecraft.client.MinecraftClient.readInputStream(MinecraftClient.java:77) ~[authlib-2.3.31.jar:?]
	at com.mojang.authlib.minecraft.client.MinecraftClient.get(MinecraftClient.java:47) ~[authlib-2.3.31.jar:?]
	at com.mojang.authlib.yggdrasil.YggdrasilSocialInteractionsService.checkPrivileges(YggdrasilSocialInteractionsService.java:104) ~[authlib-2.3.31.jar:?]
	... 13 more
[20:39:06] [Render thread/INFO] (Minecraft) Setting user: Player929
[20:39:07] [Render thread/WARN] (mixin) @Inject(@At("INVOKE")) Shift.BY=3 on fabric-lifecycle-events-v1.mixins.json:client.WorldChunkMixin::handler$zzn000$onLoadBlockEntity exceeds the maximum allowed value: 0. Increase the value of maxShiftBy to suppress this warning.
[20:39:07] [Render thread/INFO] (Minecraft) [STDOUT]: Interface Mod client starting...
[20:39:07] [Render thread/INFO] (Minecraft) [STDOUT]: Interface Mod client started!
[20:39:07] [Render thread/INFO] (Indigo) [Indigo] Registering Indigo renderer!
[20:39:09] [Render thread/INFO] (Minecraft) Backend library: LWJGL version 3.2.1 build 12
[20:39:10] [Render thread/ERROR] (Minecraft) GLFW error collected during initialization: GLFW error during init: [0x10008]12968663344
[20:39:12] [Render thread/INFO] (Minecraft) Reloading ResourceManager: Default, Fabric Mods (Fabric Renderer API (v1), Fabric Key Bindings (v0), Fabric Loader, Fabric Transfer API (v1), Fabric Structure API (v1), Fabric Containers (v0), Fabric Object Builder API (v1), Fabric Dimensions API (v1), Fabric Game Rule API (v1), Fabric API Base, Fabric Rendering Data Attachment (v1), Fabric Textures (v0), Fabric Rendering Fluids (v1), Fabric BlockRenderLayer Registration (v1), Fabric Lifecycle Events (v1), Interface Mod, Fabric Renderer Registries (v1), Fabric Loot Tables (v1), Fabric API, Fabric Particles (v1), Fabric Networking (v0), Fabric API Lookup API (v1), Fabric Screen Handler API (v1), Fabric Networking Block Entity (v0), Fabric Command API (v1), Fabric Screen API (v1), Fabric Tool Attribute API (v1), Fabric Renderer - Indigo, Fabric Events Interaction (v0), Fabric Item API (v1), Fabric Crash Report Info (v1), Fabric Entity Events (v1), Fabric Rendering (v0), Fabric Rendering (v1), Fabric Key Binding API (v1), Fabric Resource Loader (v0), Fabric Content Registries (v0), Fabric Tag Extensions (v0), Fabric Biome API (v1), Fabric Registry Sync (v0), Fabric Commands (v0), Fabric Mining Levels (v0), Fabric Networking API (v1), Fabric Events Lifecycle (v0), Fabric Models (v0), Fabric Item Groups (v0), Fabric Object Builders (v0))
[20:39:12] [Render thread/INFO] (Minecraft) [STDOUT]: This line is printed by an example mod mixin!
[20:39:15] [Realms Notification Availability checker #1/INFO] (Minecraft) Could not authorize you against Realms server: Invalid session id
[20:39:24] [Render thread/INFO] (Minecraft) OpenAL initialized.
[20:39:24] [Render thread/INFO] (Minecraft) Sound engine started
[20:39:24] [Render thread/INFO] (Minecraft) Created: 1024x1024x4 minecraft:textures/atlas/blocks.png-atlas
[20:39:24] [Render thread/INFO] (Minecraft) Created: 256x128x4 minecraft:textures/atlas/signs.png-atlas
[20:39:24] [Render thread/INFO] (Minecraft) Created: 1024x512x4 minecraft:textures/atlas/banner_patterns.png-atlas
[20:39:24] [Render thread/INFO] (Minecraft) Created: 1024x512x4 minecraft:textures/atlas/shield_patterns.png-atlas
[20:39:24] [Render thread/INFO] (Minecraft) Created: 256x256x4 minecraft:textures/atlas/chest.png-atlas
[20:39:24] [Render thread/INFO] (Minecraft) Created: 512x256x4 minecraft:textures/atlas/beds.png-atlas
[20:39:24] [Render thread/INFO] (Minecraft) Created: 512x256x4 minecraft:textures/atlas/shulker_boxes.png-atlas
[20:39:26] [Render thread/INFO] (Minecraft) Created: 256x256x0 minecraft:textures/atlas/particles.png-atlas
[20:39:26] [Render thread/INFO] (Minecraft) Created: 256x256x0 minecraft:textures/atlas/paintings.png-atlas
[20:39:26] [Render thread/INFO] (Minecraft) Created: 256x128x0 minecraft:textures/atlas/mob_effects.png-atlas
[20:39:26] [Render thread/INFO] (Minecraft) [STDOUT]: This line is printed by an example mod mixin!
[20:39:38] [Render thread/INFO] (Minecraft) Attempt 1...
[20:39:48] [Render thread/WARN] (Minecraft) Ambiguity between arguments [teleport, location] and [teleport, destination] with inputs: [0.1 -0.5 .9, 0 0 0]
[20:39:48] [Render thread/WARN] (Minecraft) Ambiguity between arguments [teleport, location] and [teleport, targets] with inputs: [0.1 -0.5 .9, 0 0 0]
[20:39:48] [Render thread/WARN] (Minecraft) Ambiguity between arguments [teleport, destination] and [teleport, targets] with inputs: [Player, 0123, @e, dd12be42-52a9-4a91-a8a1-11c01849e498]
[20:39:48] [Render thread/WARN] (Minecraft) Ambiguity between arguments [teleport, targets] and [teleport, destination] with inputs: [Player, 0123, dd12be42-52a9-4a91-a8a1-11c01849e498]
[20:39:48] [Render thread/WARN] (Minecraft) Ambiguity between arguments [teleport, targets, location] and [teleport, targets, destination] with inputs: [0.1 -0.5 .9, 0 0 0]
[20:39:48] [Render thread/INFO] (Minecraft) Reloading ResourceManager: Default, Fabric Mods (Fabric Tool Attribute API (v1))
[20:39:48] [Render thread/INFO] (Minecraft) Loaded 7 recipes
[20:39:49] [Render thread/INFO] (Minecraft) Loaded 1137 advancements
[20:39:49] [Render thread/INFO] (BiomeModificationImpl) Applied 0 biome modifications to 0 of 81 new biomes in 4.019 ms
[20:39:50] [Render thread/INFO] (Minecraft) Environment: authHost='https://authserver.mojang.com', accountsHost='https://api.mojang.com', sessionHost='https://sessionserver.mojang.com', servicesHost='https://api.minecraftservices.com', name='PROD'
[20:39:50] [Server thread/INFO] (Minecraft) Starting integrated minecraft server version 1.17.1
[20:39:50] [Server thread/INFO] (Minecraft) Generating keypair
[20:39:54] [Server thread/INFO] (Minecraft) Preparing start region for dimension minecraft:overworld
[20:39:55] [Render thread/INFO] (Minecraft) Preparing spawn area: 0%
[20:39:55] [Render thread/INFO] (Minecraft) Preparing spawn area: 0%
[20:39:56] [Render thread/INFO] (Minecraft) Preparing spawn area: 0%
[20:39:56] [Render thread/INFO] (Minecraft) Preparing spawn area: 1%
[20:39:57] [Render thread/INFO] (Minecraft) Preparing spawn area: 1%
[20:39:58] [Render thread/INFO] (Minecraft) Preparing spawn area: 1%
[20:39:58] [Render thread/INFO] (Minecraft) Preparing spawn area: 1%
[20:39:58] [Render thread/INFO] (Minecraft) Preparing spawn area: 4%
[20:39:59] [Render thread/INFO] (Minecraft) Preparing spawn area: 5%
[20:39:59] [Render thread/INFO] (Minecraft) Preparing spawn area: 7%
[20:40:00] [Render thread/INFO] (Minecraft) Preparing spawn area: 10%
[20:40:00] [Render thread/INFO] (Minecraft) Preparing spawn area: 10%
[20:40:01] [Render thread/INFO] (Minecraft) Preparing spawn area: 17%
[20:40:01] [Render thread/INFO] (Minecraft) Preparing spawn area: 19%
[20:40:02] [Render thread/INFO] (Minecraft) Preparing spawn area: 22%
[20:40:02] [Render thread/INFO] (Minecraft) Preparing spawn area: 24%
[20:40:03] [Render thread/INFO] (Minecraft) Preparing spawn area: 33%
[20:40:03] [Render thread/INFO] (Minecraft) Preparing spawn area: 34%
[20:40:04] [Render thread/INFO] (Minecraft) Preparing spawn area: 43%
[20:40:04] [Render thread/INFO] (Minecraft) Preparing spawn area: 46%
[20:40:05] [Render thread/INFO] (Minecraft) Preparing spawn area: 48%
[20:40:05] [Render thread/INFO] (Minecraft) Preparing spawn area: 50%
[20:40:06] [Render thread/INFO] (Minecraft) Preparing spawn area: 58%
[20:40:06] [Render thread/INFO] (Minecraft) Preparing spawn area: 61%
[20:40:07] [Render thread/INFO] (Minecraft) Preparing spawn area: 63%
[20:40:07] [Render thread/INFO] (Minecraft) Preparing spawn area: 68%
[20:40:08] [Render thread/INFO] (Minecraft) Preparing spawn area: 72%
[20:40:08] [Render thread/INFO] (Minecraft) Preparing spawn area: 73%
[20:40:09] [Render thread/INFO] (Minecraft) Preparing spawn area: 82%
[20:40:09] [Render thread/INFO] (Minecraft) Preparing spawn area: 87%
[20:40:10] [Render thread/INFO] (Minecraft) Preparing spawn area: 93%
[20:40:10] [Render thread/INFO] (Minecraft) Time elapsed: 15426 ms
[20:40:10] [Server thread/INFO] (Minecraft) Changing view distance to 11, from 10
[20:40:11] [Server thread/INFO] (Minecraft) Player929[local:E:ee81fde2] logged in with entity id 360 at (149.5, 80.0, 61.5)
[20:40:11] [Server thread/INFO] (Minecraft) Player929 joined the game
[20:40:12] [Server thread/WARN] (Minecraft) Can't keep up! Is the server overloaded? Running 2020ms or 40 ticks behind
[20:40:13] [Server thread/INFO] (Minecraft) Saving and pausing game...
[20:40:13] [Server thread/INFO] (Minecraft) Saving chunks for level 'ServerLevel[New World]'/minecraft:overworld
[20:40:14] [Render thread/INFO] (Minecraft) Loaded 0 advancements
[20:40:15] [Server thread/INFO] (Minecraft) Saving chunks for level 'ServerLevel[New World]'/minecraft:the_nether
[20:40:15] [Server thread/INFO] (Minecraft) Saving chunks for level 'ServerLevel[New World]'/minecraft:the_end
[20:40:17] [Server thread/INFO] (Minecraft) Saving and pausing game...
[20:40:17] [Server thread/INFO] (Minecraft) Saving chunks for level 'ServerLevel[New World]'/minecraft:overworld
[20:40:18] [Server thread/INFO] (Minecraft) Saving chunks for level 'ServerLevel[New World]'/minecraft:the_nether
[20:40:18] [Server thread/INFO] (Minecraft) Saving chunks for level 'ServerLevel[New World]'/minecraft:the_end
[20:40:24] [Server thread/INFO] (Minecraft) Saving and pausing game...
[20:40:25] [Server thread/INFO] (Minecraft) Saving chunks for level 'ServerLevel[New World]'/minecraft:overworld
[20:40:25] [Server thread/INFO] (Minecraft) Saving chunks for level 'ServerLevel[New World]'/minecraft:the_nether
[20:40:25] [Server thread/INFO] (Minecraft) Saving chunks for level 'ServerLevel[New World]'/minecraft:the_end
[20:41:14] [Server thread/INFO] (Minecraft) [Player929: Set own game mode to Spectator Mode]
[20:41:14] [Render thread/INFO] (Minecraft) [CHAT] Set own game mode to Spectator Mode
[20:41:15] [Server thread/WARN] (Minecraft) Can't keep up! Is the server overloaded? Running 2022ms or 40 ticks behind
[20:41:45] [Server thread/INFO] (Minecraft) [Player929: Set own game mode to Creative Mode]
[20:41:45] [Render thread/INFO] (Minecraft) [CHAT] Set own game mode to Creative Mode
[20:41:56] [Server thread/INFO] (Minecraft) [Player929: Set own game mode to Spectator Mode]
[20:41:56] [Render thread/INFO] (Minecraft) [CHAT] Set own game mode to Spectator Mode
[20:42:08] [Server thread/INFO] (Minecraft) Player929 has made the advancement [Eye Spy]
[20:42:08] [Render thread/INFO] (Minecraft) [CHAT] Player929 has made the advancement [Eye Spy]
[20:42:08] [Render thread/INFO] (Minecraft) Loaded 9 advancements
[20:42:22] [Render thread/INFO] (Minecraft) [CHAT] Incorrect argument for command
[20:42:22] [Render thread/INFO] (Minecraft) [CHAT] /gamemode cre<--[HERE]
[20:42:24] [Server thread/INFO] (Minecraft) [Player929: Set own game mode to Creative Mode]
[20:42:25] [Render thread/INFO] (Minecraft) [CHAT] Set own game mode to Creative Mode
[20:42:27] [Render thread/INFO] (Minecraft) Loaded 28 advancements
[20:42:27] [Server thread/INFO] (Minecraft) Saving and pausing game...
[20:42:27] [Server thread/INFO] (Minecraft) Saving chunks for level 'ServerLevel[New World]'/minecraft:overworld
[20:42:29] [Server thread/INFO] (Minecraft) Saving chunks for level 'ServerLevel[New World]'/minecraft:the_nether
[20:42:29] [Server thread/INFO] (Minecraft) Saving chunks for level 'ServerLevel[New World]'/minecraft:the_end
[20:42:44] [Server thread/INFO] (Minecraft) Player929 has made the advancement [Ice Bucket Challenge]
[20:42:44] [Render thread/INFO] (Minecraft) [CHAT] Player929 has made the advancement [Ice Bucket Challenge]
[20:42:44] [Render thread/INFO] (Minecraft) Loaded 31 advancements
[20:42:58] [Server thread/INFO] (Minecraft) Player929 has made the advancement [We Need to Go Deeper]
[20:42:58] [Render thread/INFO] (Minecraft) [CHAT] Player929 has made the advancement [We Need to Go Deeper]
[20:42:59] [Server thread/WARN] (Minecraft) Can't keep up! Is the server overloaded? Running 3066ms or 61 ticks behind
[20:42:59] [Render thread/INFO] (Minecraft) Loaded 48 advancements
[20:43:00] [Render thread/INFO] (Minecraft) Loaded 48 advancements
[20:44:09] [Render thread/WARN] (Minecraft) Received passengers for unknown entity
[20:44:43] [Render thread/INFO] (Minecraft) Loaded 48 advancements
[20:44:48] [Render thread/WARN] (Minecraft) Received passengers for unknown entity
[20:44:49] [Render thread/WARN] (Minecraft) Unable to play empty soundEvent: minecraft:block.roots.step
[20:45:05] [Render thread/WARN] (Minecraft) Received passengers for unknown entity
[20:45:07] [Render thread/WARN] (Minecraft) Received passengers for unknown entity
[20:45:07] [Render thread/WARN] (Minecraft) Received passengers for unknown entity
[20:45:07] [Render thread/WARN] (Minecraft) Received passengers for unknown entity
[20:45:07] [Render thread/WARN] (Minecraft) Received passengers for unknown entity
[20:45:08] [Server thread/INFO] (Minecraft) Player929 has made the advancement [A Terrible Fortress]
[20:45:08] [Render thread/INFO] (Minecraft) [CHAT] Player929 has made the advancement [A Terrible Fortress]
[20:45:08] [Render thread/INFO] (Minecraft) Loaded 50 advancements
[20:45:08] [Server thread/INFO] (Minecraft) Saving and pausing game...
[20:45:08] [Server thread/INFO] (Minecraft) Saving chunks for level 'ServerLevel[New World]'/minecraft:overworld
[20:45:08] [Server thread/INFO] (Minecraft) Saving chunks for level 'ServerLevel[New World]'/minecraft:the_nether
[20:45:09] [Server thread/INFO] (Minecraft) Saving chunks for level 'ServerLevel[New World]'/minecraft:the_end
[20:45:17] [Server thread/INFO] (Minecraft) Saving and pausing game...
[20:45:17] [Server thread/INFO] (Minecraft) Saving chunks for level 'ServerLevel[New World]'/minecraft:overworld
[20:45:17] [Server thread/INFO] (Minecraft) Saving chunks for level 'ServerLevel[New World]'/minecraft:the_nether
[20:45:17] [Server thread/INFO] (Minecraft) Saving chunks for level 'ServerLevel[New World]'/minecraft:the_end
[20:45:28] [Server thread/INFO] (Minecraft) Saving and pausing game...
[20:45:28] [Server thread/INFO] (Minecraft) Saving chunks for level 'ServerLevel[New World]'/minecraft:overworld
[20:45:28] [Server thread/INFO] (Minecraft) Saving chunks for level 'ServerLevel[New World]'/minecraft:the_nether
[20:45:28] [Server thread/INFO] (Minecraft) Saving chunks for level 'ServerLevel[New World]'/minecraft:the_end
[20:45:28] [Server thread/INFO] (Minecraft) Player929 lost connection: Disconnected
[20:45:28] [Server thread/INFO] (Minecraft) Player929 left the game
[20:45:28] [Server thread/INFO] (Minecraft) Stopping singleplayer server as player logged out
[20:45:28] [Server thread/INFO] (Minecraft) Stopping server
[20:45:28] [Server thread/INFO] (Minecraft) Saving players
[20:45:28] [Server thread/INFO] (Minecraft) Saving worlds
[20:45:28] [Server thread/INFO] (Minecraft) Saving chunks for level 'ServerLevel[New World]'/minecraft:overworld
[20:45:29] [Server thread/INFO] (Minecraft) Saving chunks for level 'ServerLevel[New World]'/minecraft:the_nether
[20:45:29] [Server thread/INFO] (Minecraft) Saving chunks for level 'ServerLevel[New World]'/minecraft:the_end
[20:45:29] [Server thread/INFO] (Minecraft) ThreadedAnvilChunkStorage (New World): All chunks are saved
[20:45:29] [Server thread/INFO] (Minecraft) ThreadedAnvilChunkStorage (DIM-1): All chunks are saved
[20:45:29] [Server thread/INFO] (Minecraft) ThreadedAnvilChunkStorage (DIM1): All chunks are saved
[20:45:29] [Server thread/INFO] (Minecraft) ThreadedAnvilChunkStorage: All dimensions are saved
[20:45:30] [Render thread/INFO] (Minecraft) [STDOUT]: This line is printed by an example mod mixin!
[20:45:34] [Render thread/INFO] (Minecraft) Attempt 1...
